[debug] [2020-11-23T20:46:07.099Z] ----------------------------------------------------------------------
[debug] [2020-11-23T20:46:07.100Z] Command:       /usr/local/bin/node /usr/local/bin/firebase emulators:start
[debug] [2020-11-23T20:46:07.100Z] CLI Version:   8.16.2
[debug] [2020-11-23T20:46:07.100Z] Platform:      darwin
[debug] [2020-11-23T20:46:07.100Z] Node Version:  v14.15.0
[debug] [2020-11-23T20:46:07.101Z] Time:          Tue Nov 24 2020 00:46:07 GMT+0400 (Gulf Standard Time)
[debug] [2020-11-23T20:46:07.101Z] ----------------------------------------------------------------------
[debug] [2020-11-23T20:46:07.101Z] 
[debug] [2020-11-23T20:46:07.106Z] > command requires scopes: ["email","openid","https://www.googleapis.com/auth/cloudplatformprojects.readonly","https://www.googleapis.com/auth/firebase","https://www.googleapis.com/auth/cloud-platform"]
[debug] [2020-11-23T20:46:07.106Z] > authorizing via signed-in user
[info] i  emulators: Starting emulators: functions, hosting {"metadata":{"emulator":{"name":"hub"},"message":"Starting emulators: functions, hosting"}}
[debug] [2020-11-23T20:46:07.122Z] [hub] writing locator at /var/folders/c6/sfy719ms6450cmwqppjrgg2m0000gn/T/hub-ecomm-app-666.json
[warn] ⚠  functions: The following emulators are not running, calls to these services from the Functions emulator will affect production: auth, firestore, database, pubsub {"metadata":{"emulator":{"name":"functions"},"message":"The following emulators are not running, calls to these services from the Functions emulator will affect production: \u001b[1mauth, firestore, database, pubsub\u001b[22m"}}
[warn] ⚠  Your requested "node" version "10" doesn't match your global version "14" {"metadata":{"emulator":{"name":"functions"},"message":"Your requested \"node\" version \"10\" doesn't match your global version \"14\""}}
[debug] [2020-11-23T20:46:07.144Z] defaultcredentials: writing to file /Users/nitheeshmashraf/.config/firebase/nitheeshmashraf_gmail_com_application_default_credentials.json
[debug] [2020-11-23T20:46:07.146Z] Setting GAC to /Users/nitheeshmashraf/.config/firebase/nitheeshmashraf_gmail_com_application_default_credentials.json {"metadata":{"emulator":{"name":"functions"},"message":"Setting GAC to /Users/nitheeshmashraf/.config/firebase/nitheeshmashraf_gmail_com_application_default_credentials.json"}}
[debug] [2020-11-23T20:46:07.415Z] >>> HTTP REQUEST GET https://firebase.googleapis.com/v1beta1/projects/ecomm-app-666/webApps/-/config  
 
[debug] [2020-11-23T20:46:08.660Z] <<< HTTP RESPONSE 200 {"content-type":"application/json; charset=UTF-8","vary":"X-Origin, Referer, Origin,Accept-Encoding","date":"Mon, 23 Nov 2020 20:46:08 GMT","server":"ESF","cache-control":"private","x-xss-protection":"0","x-frame-options":"SAMEORIGIN","x-content-type-options":"nosniff","alt-svc":"h3-29=\":443\"; ma=2592000,h3-T051=\":443\"; ma=2592000,h3-Q050=\":443\"; ma=2592000,h3-Q046=\":443\"; ma=2592000,h3-Q043=\":443\"; ma=2592000,quic=\":443\"; ma=2592000; v=\"46,43\"","accept-ranges":"none","transfer-encoding":"chunked"}
[info] i  hosting: Serving hosting files from: build {"metadata":{"emulator":{"name":"hosting"},"message":"Serving hosting files from: \u001b[1mbuild\u001b[22m"}}
[info] ✔  hosting: Local server: http://localhost:5000 {"metadata":{"emulator":{"name":"hosting"},"message":"Local server: \u001b[4m\u001b[1mhttp://localhost:5000\u001b[22m\u001b[24m"}}
[warn] ⚠  ui: Emulator UI unable to start on port 4000, starting on 4003 instead. {"metadata":{"emulator":{"name":"ui"},"message":"Emulator UI unable to start on port 4000, starting on 4003 instead."}}
[debug] [2020-11-23T20:46:09.002Z] Ignoring unsupported arg: auto_download {"metadata":{"emulator":{"name":"ui"},"message":"Ignoring unsupported arg: auto_download"}}
[debug] [2020-11-23T20:46:09.002Z] Ignoring unsupported arg: port {"metadata":{"emulator":{"name":"ui"},"message":"Ignoring unsupported arg: port"}}
[debug] [2020-11-23T20:46:09.002Z] Starting Emulator UI with command {"binary":"node","args":["/Users/nitheeshmashraf/.cache/firebase/emulators/ui-v1.2.2/server.bundle.js"],"optionalArgs":[],"joinArgs":false} {"metadata":{"emulator":{"name":"ui"},"message":"Starting Emulator UI with command {\"binary\":\"node\",\"args\":[\"/Users/nitheeshmashraf/.cache/firebase/emulators/ui-v1.2.2/server.bundle.js\"],\"optionalArgs\":[],\"joinArgs\":false}"}}
[info] i  ui: Emulator UI logging to ui-debug.log {"metadata":{"emulator":{"name":"ui"},"message":"Emulator UI logging to \u001b[1mui-debug.log\u001b[22m"}}
[debug] [2020-11-23T20:46:09.082Z] Web / API server started at http://localhost:4003
 {"metadata":{"emulator":{"name":"ui"},"message":"Web / API server started at http://localhost:4003\n"}}
[info] i  functions: Watching "/Users/nitheeshmashraf/Projects/ecomm-app/functions" for Cloud Functions... {"metadata":{"emulator":{"name":"functions"},"message":"Watching \"/Users/nitheeshmashraf/Projects/ecomm-app/functions\" for Cloud Functions..."}}
[debug] [2020-11-23T20:46:09.282Z] [worker-pool] addWorker(~diagnostic~) {"metadata":{"emulator":{"name":"functions"},"message":"[worker-pool] addWorker(~diagnostic~)"}}
[debug] [2020-11-23T20:46:09.282Z] [worker-pool] Adding worker with key ~diagnostic~, total=1 {"metadata":{"emulator":{"name":"functions"},"message":"[worker-pool] Adding worker with key ~diagnostic~, total=1"}}
[debug] [2020-11-23T20:46:09.283Z] [worker-pool] submitWork(triggerId=) {"metadata":{"emulator":{"name":"functions"},"message":"[worker-pool] submitWork(triggerId=)"}}
[debug] [2020-11-23T20:46:09.283Z] [worker-~diagnostic~-7009c9b2-9975-461e-8df0-ee08e1e8212c]: Assigning socketPath: /var/folders/c6/sfy719ms6450cmwqppjrgg2m0000gn/T/fire_emu_63970.sock {"metadata":{"emulator":{"name":"functions"},"message":"[worker-~diagnostic~-7009c9b2-9975-461e-8df0-ee08e1e8212c]: Assigning socketPath: /var/folders/c6/sfy719ms6450cmwqppjrgg2m0000gn/T/fire_emu_63970.sock"}}
[debug] [2020-11-23T20:46:09.284Z] [worker-~diagnostic~-7009c9b2-9975-461e-8df0-ee08e1e8212c]: BUSY {"metadata":{"emulator":{"name":"functions"},"message":"[worker-~diagnostic~-7009c9b2-9975-461e-8df0-ee08e1e8212c]: BUSY"}}
[debug] [2020-11-23T20:46:09.482Z] [runtime-status] [63970] Functions runtime initialized. {"cwd":"/Users/nitheeshmashraf/Projects/ecomm-app/functions","node_version":"14.15.0"} {"metadata":{"emulator":{"name":"functions"},"message":"[runtime-status] [63970] Functions runtime initialized. {\"cwd\":\"/Users/nitheeshmashraf/Projects/ecomm-app/functions\",\"node_version\":\"14.15.0\"}"}}
[debug] [2020-11-23T20:46:09.482Z] [runtime-status] [63970] Disabled runtime features: undefined {"metadata":{"emulator":{"name":"functions"},"message":"[runtime-status] [63970] Disabled runtime features: undefined"}}
[debug] [2020-11-23T20:46:09.483Z] [runtime-status] [63970] Resolved module firebase-admin {"declared":true,"installed":true,"version":"8.13.0","resolution":"/Users/nitheeshmashraf/Projects/ecomm-app/functions/node_modules/firebase-admin/lib/index.js"} {"metadata":{"emulator":{"name":"functions"},"message":"[runtime-status] [63970] Resolved module firebase-admin {\"declared\":true,\"installed\":true,\"version\":\"8.13.0\",\"resolution\":\"/Users/nitheeshmashraf/Projects/ecomm-app/functions/node_modules/firebase-admin/lib/index.js\"}"}}
[debug] [2020-11-23T20:46:09.484Z] [runtime-status] [63970] Resolved module firebase-functions {"declared":true,"installed":true,"version":"3.11.0","resolution":"/Users/nitheeshmashraf/Projects/ecomm-app/functions/node_modules/firebase-functions/lib/index.js"} {"metadata":{"emulator":{"name":"functions"},"message":"[runtime-status] [63970] Resolved module firebase-functions {\"declared\":true,\"installed\":true,\"version\":\"3.11.0\",\"resolution\":\"/Users/nitheeshmashraf/Projects/ecomm-app/functions/node_modules/firebase-functions/lib/index.js\"}"}}
[debug] [2020-11-23T20:46:09.485Z] [runtime-status] [63970] Resolved module firebase-functions {"declared":true,"installed":true,"version":"3.11.0","resolution":"/Users/nitheeshmashraf/Projects/ecomm-app/functions/node_modules/firebase-functions/lib/index.js"} {"metadata":{"emulator":{"name":"functions"},"message":"[runtime-status] [63970] Resolved module firebase-functions {\"declared\":true,\"installed\":true,\"version\":\"3.11.0\",\"resolution\":\"/Users/nitheeshmashraf/Projects/ecomm-app/functions/node_modules/firebase-functions/lib/index.js\"}"}}
[debug] [2020-11-23T20:46:09.487Z] [runtime-status] [63970] Outgoing network have been stubbed. [{"name":"http","status":"mocked"},{"name":"http","status":"mocked"},{"name":"https","status":"mocked"},{"name":"https","status":"mocked"},{"name":"net","status":"mocked"}] {"metadata":{"emulator":{"name":"functions"},"message":"[runtime-status] [63970] Outgoing network have been stubbed. [{\"name\":\"http\",\"status\":\"mocked\"},{\"name\":\"http\",\"status\":\"mocked\"},{\"name\":\"https\",\"status\":\"mocked\"},{\"name\":\"https\",\"status\":\"mocked\"},{\"name\":\"net\",\"status\":\"mocked\"}]"}}
[debug] [2020-11-23T20:46:09.487Z] [runtime-status] [63970] Resolved module firebase-functions {"declared":true,"installed":true,"version":"3.11.0","resolution":"/Users/nitheeshmashraf/Projects/ecomm-app/functions/node_modules/firebase-functions/lib/index.js"} {"metadata":{"emulator":{"name":"functions"},"message":"[runtime-status] [63970] Resolved module firebase-functions {\"declared\":true,\"installed\":true,\"version\":\"3.11.0\",\"resolution\":\"/Users/nitheeshmashraf/Projects/ecomm-app/functions/node_modules/firebase-functions/lib/index.js\"}"}}
[debug] [2020-11-23T20:46:09.508Z] [runtime-status] [63970] Checked functions.config() {"config":{}} {"metadata":{"emulator":{"name":"functions"},"message":"[runtime-status] [63970] Checked functions.config() {\"config\":{}}"}}
[debug] [2020-11-23T20:46:09.509Z] [runtime-status] [63970] firebase-functions has been stubbed. {"functionsResolution":{"declared":true,"installed":true,"version":"3.11.0","resolution":"/Users/nitheeshmashraf/Projects/ecomm-app/functions/node_modules/firebase-functions/lib/index.js"}} {"metadata":{"emulator":{"name":"functions"},"message":"[runtime-status] [63970] firebase-functions has been stubbed. {\"functionsResolution\":{\"declared\":true,\"installed\":true,\"version\":\"3.11.0\",\"resolution\":\"/Users/nitheeshmashraf/Projects/ecomm-app/functions/node_modules/firebase-functions/lib/index.js\"}}"}}
[debug] [2020-11-23T20:46:09.509Z] [runtime-status] [63970] Resolved module firebase-functions {"declared":true,"installed":true,"version":"3.11.0","resolution":"/Users/nitheeshmashraf/Projects/ecomm-app/functions/node_modules/firebase-functions/lib/index.js"} {"metadata":{"emulator":{"name":"functions"},"message":"[runtime-status] [63970] Resolved module firebase-functions {\"declared\":true,\"installed\":true,\"version\":\"3.11.0\",\"resolution\":\"/Users/nitheeshmashraf/Projects/ecomm-app/functions/node_modules/firebase-functions/lib/index.js\"}"}}
[debug] [2020-11-23T20:46:09.510Z] [runtime-status] [63970] Resolved module firebase-admin {"declared":true,"installed":true,"version":"8.13.0","resolution":"/Users/nitheeshmashraf/Projects/ecomm-app/functions/node_modules/firebase-admin/lib/index.js"} {"metadata":{"emulator":{"name":"functions"},"message":"[runtime-status] [63970] Resolved module firebase-admin {\"declared\":true,\"installed\":true,\"version\":\"8.13.0\",\"resolution\":\"/Users/nitheeshmashraf/Projects/ecomm-app/functions/node_modules/firebase-admin/lib/index.js\"}"}}
[debug] [2020-11-23T20:46:09.510Z] [runtime-status] [63970] Resolved module firebase-functions {"declared":true,"installed":true,"version":"3.11.0","resolution":"/Users/nitheeshmashraf/Projects/ecomm-app/functions/node_modules/firebase-functions/lib/index.js"} {"metadata":{"emulator":{"name":"functions"},"message":"[runtime-status] [63970] Resolved module firebase-functions {\"declared\":true,\"installed\":true,\"version\":\"3.11.0\",\"resolution\":\"/Users/nitheeshmashraf/Projects/ecomm-app/functions/node_modules/firebase-functions/lib/index.js\"}"}}
[debug] [2020-11-23T20:46:09.510Z] [runtime-status] [63970] firebase-admin has been stubbed. {"adminResolution":{"declared":true,"installed":true,"version":"8.13.0","resolution":"/Users/nitheeshmashraf/Projects/ecomm-app/functions/node_modules/firebase-admin/lib/index.js"}} {"metadata":{"emulator":{"name":"functions"},"message":"[runtime-status] [63970] firebase-admin has been stubbed. {\"adminResolution\":{\"declared\":true,\"installed\":true,\"version\":\"8.13.0\",\"resolution\":\"/Users/nitheeshmashraf/Projects/ecomm-app/functions/node_modules/firebase-admin/lib/index.js\"}}"}}
[info] ✔  functions[api]: http function initialized (http://localhost:5001/ecomm-app-666/us-central1/api). {"metadata":{"emulator":{"name":"functions"},"message":"\u001b[1mhttp\u001b[22m function initialized (http://localhost:5001/ecomm-app-666/us-central1/api)."}}
[info] 
┌────────────────────────────────────────────────────────────────┐
│ ✔  All emulators ready! View status and logs at localhost:4003 │
└────────────────────────────────────────────────────────────────┘

┌───────────┬────────────────┬──────────────────────────┐
│ Emulator  │ Host:Port      │ View in Emulator UI      │
├───────────┼────────────────┼──────────────────────────┤
│ Functions │ localhost:5001 │ localhost:4003/functions │
├───────────┼────────────────┼──────────────────────────┤
│ Hosting   │ localhost:5000 │ n/a                      │
└───────────┴────────────────┴──────────────────────────┘
  Other reserved ports: 4400, 4500

Issues? Report them at https://github.com/firebase/firebase-tools/issues and attach the *-debug.log files.
 
[debug] [2020-11-23T20:46:09.594Z] [worker-~diagnostic~-7009c9b2-9975-461e-8df0-ee08e1e8212c]: IDLE {"metadata":{"emulator":{"name":"functions"},"message":"[worker-~diagnostic~-7009c9b2-9975-461e-8df0-ee08e1e8212c]: IDLE"}}
